C:\Program Files (x86)\Microsoft Visual Studio\2019\Enterprise\MSBuild\Microsoft\VC\v160\Microsoft.CppBuild.targets(459,5): warning MSB8028: The intermediate directory (x64\Release\) contains files shared from another project (ConsoleApplication1.vcxproj).  This can lead to incorrect clean and rebuild behavior.
  Main.cpp
C:\Users\vahid\Documents\Project\Trader\Trader\ConsoleApplication1\Main.cpp(245,20): warning C4305: 'initializing': truncation from 'double' to 'float'
C:\Users\vahid\Documents\Project\Trader\Trader\ConsoleApplication1\Main.cpp(258,29): warning C4244: '=': conversion from 'unsigned __int64' to '_Ty', possible loss of data
          with
          [
              _Ty=double
          ]
C:\Users\vahid\Documents\Project\Trader\Trader\ConsoleApplication1\Main.cpp(259,29): warning C4244: '=': conversion from 'unsigned __int64' to '_Ty', possible loss of data
          with
          [
              _Ty=double
          ]
C:\Users\vahid\Documents\Project\Trader\Trader\ConsoleApplication1\Main.cpp(287,31): warning C4244: '=': conversion from 'unsigned __int64' to '_Ty', possible loss of data
          with
          [
              _Ty=double
          ]
C:\Users\vahid\Documents\Project\Trader\Trader\ConsoleApplication1\Main.cpp(288,31): warning C4244: '=': conversion from 'unsigned __int64' to '_Ty', possible loss of data
          with
          [
              _Ty=double
          ]
C:\Users\vahid\Documents\Project\Trader\Trader\ConsoleApplication1\Main.cpp(234,6): warning C4101: 'jj': unreferenced local variable
  Generating code
  1 of 496 functions ( 0.2%) were compiled, the rest were copied from previous compilation.
    0 functions were new in current compilation
    0 functions had inline decision re-evaluated but remain unchanged
  Finished generating code
  ConsoleApplication1.vcxproj -> C:\Users\vahid\Documents\Project\Trader\Trader\x64\Release\Trader.exe
